Using pre-set license
Built from '2020.3/staging' branch; Version is '2020.3.41f1 (7c19dc9acfda) revision 8133084'; Using compiler version '192528614'; Build Type 'Release'
OS: 'Windows 10  (10.0.19044) 64bit Core' Language: 'ko' Physical Memory: 16333 MB
BatchMode: 1, IsHumanControllingUs: 0, StartBugReporterOnCrash: 0, Is64bit: 1, IsPro: 0

COMMAND LINE ARGUMENTS:
D:\Unity\Editer\2020.3.41f1\Editor\Unity.exe
-adb2
-batchMode
-noUpm
-name
AssetImportWorker0
-projectPath
C:/Users/user/Desktop/RaonBet
-logFile
Logs/AssetImportWorker0.log
-srvPort
55744
Successfully changed project path to: C:/Users/user/Desktop/RaonBet
C:/Users/user/Desktop/RaonBet
Using Asset Import Pipeline V2.
Refreshing native plugins compatible for Editor in 54.30 ms, found 3 plugins.
Preloading 0 native plugins for Editor in 0.00 ms.
Initialize engine version: 2020.3.41f1 (7c19dc9acfda)
[Subsystems] Discovering subsystems at path D:/Unity/Editer/2020.3.41f1/Editor/Data/Resources/UnitySubsystems
[Subsystems] Discovering subsystems at path C:/Users/user/Desktop/RaonBet/Assets
GfxDevice: creating device client; threaded=0
Direct3D:
    Version:  Direct3D 11.0 [level 11.1]
    Renderer: NVIDIA GeForce GTX 1660 Ti (ID=0x2182)
    Vendor:   
    VRAM:     5991 MB
    Driver:   27.21.14.5751
Initialize mono
Mono path[0] = 'D:/Unity/Editer/2020.3.41f1/Editor/Data/Managed'
Mono path[1] = 'D:/Unity/Editer/2020.3.41f1/Editor/Data/MonoBleedingEdge/lib/mono/unityjit'
Mono config path = 'D:/Unity/Editer/2020.3.41f1/Editor/Data/MonoBleedingEdge/etc'
Using monoOptions --debugger-agent=transport=dt_socket,embedding=1,server=y,suspend=n,address=127.0.0.1:56116
Begin MonoManager ReloadAssembly
Registering precompiled unity dll's ...
Register platform support module: D:/Unity/Editer/2020.3.41f1/Editor/Data/PlaybackEngines/WindowsStandaloneSupport/UnityEditor.WindowsStandalone.Extensions.dll
Registered in 0.001724 seconds.
Native extension for WindowsStandalone target not found
Refreshing native plugins compatible for Editor in 42.54 ms, found 3 plugins.
Preloading 0 native plugins for Editor in 0.00 ms.
Mono: successfully reloaded assembly
- Completed reload, in  0.540 seconds
Domain Reload Profiling:
	ReloadAssembly (540ms)
		BeginReloadAssembly (78ms)
			ExecutionOrderSort (0ms)
			DisableScriptedObjects (0ms)
			BackupInstance (0ms)
			ReleaseScriptingObjects (0ms)
			CreateAndSetChildDomain (1ms)
		EndReloadAssembly (398ms)
			LoadAssemblies (77ms)
			RebuildTransferFunctionScriptingTraits (0ms)
			SetupTypeCache (129ms)
			ReleaseScriptCaches (0ms)
			RebuildScriptCaches (29ms)
			SetupLoadedEditorAssemblies (150ms)
				LogAssemblyErrors (0ms)
				InitializePlatformSupportModulesInManaged (3ms)
				SetLoadedEditorAssemblies (0ms)
				RefreshPlugins (43ms)
				BeforeProcessingInitializeOnLoad (10ms)
				ProcessInitializeOnLoadAttributes (69ms)
				ProcessInitializeOnLoadMethodAttributes (25ms)
				AfterProcessingInitializeOnLoad (0ms)
				EditorAssembliesLoaded (0ms)
			ExecutionOrderSort2 (0ms)
			AwakeInstancesAfterBackupRestoration (0ms)
Platform modules already initialized, skipping
Registering precompiled user dll's ...
Registered in 0.007150 seconds.
Begin MonoManager ReloadAssembly
Native extension for WindowsStandalone target not found
Refreshing native plugins compatible for Editor in 51.41 ms, found 3 plugins.
Preloading 0 native plugins for Editor in 0.00 ms.
Mono: successfully reloaded assembly
- Completed reload, in  1.047 seconds
Domain Reload Profiling:
	ReloadAssembly (1048ms)
		BeginReloadAssembly (147ms)
			ExecutionOrderSort (0ms)
			DisableScriptedObjects (4ms)
			BackupInstance (0ms)
			ReleaseScriptingObjects (0ms)
			CreateAndSetChildDomain (16ms)
		EndReloadAssembly (847ms)
			LoadAssemblies (128ms)
			RebuildTransferFunctionScriptingTraits (0ms)
			SetupTypeCache (255ms)
			ReleaseScriptCaches (0ms)
			RebuildScriptCaches (42ms)
			SetupLoadedEditorAssemblies (339ms)
				LogAssemblyErrors (0ms)
				InitializePlatformSupportModulesInManaged (2ms)
				SetLoadedEditorAssemblies (0ms)
				RefreshPlugins (52ms)
				BeforeProcessingInitializeOnLoad (85ms)
				ProcessInitializeOnLoadAttributes (174ms)
				ProcessInitializeOnLoadMethodAttributes (22ms)
				AfterProcessingInitializeOnLoad (4ms)
				EditorAssembliesLoaded (0ms)
			ExecutionOrderSort2 (0ms)
			AwakeInstancesAfterBackupRestoration (2ms)
Platform modules already initialized, skipping
========================================================================
Worker process is ready to serve import requests
Launched and connected shader compiler UnityShaderCompiler.exe after 0.07 seconds
Refreshing native plugins compatible for Editor in 0.85 ms, found 3 plugins.
Preloading 0 native plugins for Editor in 0.00 ms.
Unloading 2223 Unused Serialized files (Serialized files now loaded: 0)
System memory in use before: 97.3 MB.
System memory in use after: 97.2 MB.

Unloading 31 unused Assets to reduce memory usage. Loaded Objects now: 2655.
Total: 3.578500 ms (FindLiveObjects: 0.158900 ms CreateObjectMapping: 0.092900 ms MarkObjects: 3.182400 ms  DeleteObjects: 0.142700 ms)

AssetImportParameters requested are different than current active one (requested -> active):
  custom:framework-win-MediaFoundation: 216162199b28c13a410421893ffa2e32 -> 
  custom:video-decoder-ogg-theora: a1e56fd34408186e4bbccfd4996cb3dc -> 
  custom:container-muxer-webm: aa71ff27fc2769a1b78a27578f13a17b -> 
  custom:container-demuxer-webm: 4f35f7cbe854078d1ac9338744f61a02 -> 
  custom:container-demuxer-ogg: 62fdf1f143b41e24485cea50d1cbac27 -> 
  custom:video-encoder-webm-vp8: eb34c28f22e8b96e1ab97ce403110664 -> 
  custom:video-decoder-webm-vp8: 9c59270c3fd7afecdb556c50c9e8de78 -> 
  custom:audio-decoder-ogg-vorbis: bf7c407c2cedff20999df2af8eb42d56 -> 
  custom:audio-encoder-webm-vorbis: bf7c407c2cedff20999df2af8eb42d56 -> 
========================================================================
Received Import Request.
  path: Assets/Image/background/Crombas_Castle.jpg
  artifactKey: Guid(81270fa56d9f8d7449d6e6ad7154a41f) Importer(815301076,1909f56bfc062723c751e8b465ee728b)
Start importing Assets/Image/background/Crombas_Castle.jpg using Guid(81270fa56d9f8d7449d6e6ad7154a41f) Importer(815301076,1909f56bfc062723c751e8b465ee728b)  -> (artifact id: 'ee51e666d32d706d9597b5c63ab9db48') in 0.148251 seconds 
========================================================================
Received Import Request.
  Time since last request: 0.000376 seconds.
  path: Assets/Image
  artifactKey: Guid(1a55ac11c91ed7549b492b2554ee7325) Importer(815301076,1909f56bfc062723c751e8b465ee728b)
Start importing Assets/Image using Guid(1a55ac11c91ed7549b492b2554ee7325) Importer(815301076,1909f56bfc062723c751e8b465ee728b)  -> (artifact id: '1d710db9c3c241f3cc05ebe9a4061ad4') in 0.006392 seconds 
========================================================================
Received Import Request.
  Time since last request: 0.000257 seconds.
  path: Assets/Image/background
  artifactKey: Guid(6d5ff301fb208124ba086d376c5399dc) Importer(815301076,1909f56bfc062723c751e8b465ee728b)
Start importing Assets/Image/background using Guid(6d5ff301fb208124ba086d376c5399dc) Importer(815301076,1909f56bfc062723c751e8b465ee728b)  -> (artifact id: '33350bb93ee66007bb0aec31f310f60a') in 0.004562 seconds 
========================================================================
Received Import Request.
  Time since last request: 118.526758 seconds.
  path: Assets/Image/background/캡처.JPG
  artifactKey: Guid(0ac357b65f86a0040adc0540097ebf76) Importer(815301076,1909f56bfc062723c751e8b465ee728b)
Start importing Assets/Image/background/캡처.JPG using Guid(0ac357b65f86a0040adc0540097ebf76) Importer(815301076,1909f56bfc062723c751e8b465ee728b)  -> (artifact id: '18e5d3ffa64259b1262db92f3f1e2ae4') in 0.019281 seconds 
========================================================================
Received Import Request.
  Time since last request: 183.060665 seconds.
  path: Assets/Image/background/pngwing.com.png
  artifactKey: Guid(3be24b5dfb70fd949aaefb817b917f62) Importer(815301076,1909f56bfc062723c751e8b465ee728b)
Start importing Assets/Image/background/pngwing.com.png using Guid(3be24b5dfb70fd949aaefb817b917f62) Importer(815301076,1909f56bfc062723c751e8b465ee728b)  -> (artifact id: '680d944f89580e558a009ee2d0a5642f') in 0.036825 seconds 
========================================================================
Received Import Request.
  Time since last request: 80.875041 seconds.
  path: Assets/Image/background/—Pngtree—esports game title box_5917564.png
  artifactKey: Guid(100be7ee6e744d942be70fdac2a92efc) Importer(815301076,1909f56bfc062723c751e8b465ee728b)
Start importing Assets/Image/background/—Pngtree—esports game title box_5917564.png using Guid(100be7ee6e744d942be70fdac2a92efc) Importer(815301076,1909f56bfc062723c751e8b465ee728b)  -> (artifact id: '377fb4ed3da05c4cd3808d5cd2e56e5f') in 0.022443 seconds 
========================================================================
Received Import Request.
  Time since last request: 167.857931 seconds.
  path: Assets/Scenes/New Scene.unity
  artifactKey: Guid(351c429f9d7e86d469e55e7d3a6d61d7) Importer(815301076,1909f56bfc062723c751e8b465ee728b)
Start importing Assets/Scenes/New Scene.unity using Guid(351c429f9d7e86d469e55e7d3a6d61d7) Importer(815301076,1909f56bfc062723c751e8b465ee728b)  -> (artifact id: '6efde0cdefb1a49c81a62faf74cb89e8') in 0.003918 seconds 
========================================================================
Received Import Request.
  Time since last request: 218.986253 seconds.
  path: Assets/Scenes/Dunbarton_Office.unity
  artifactKey: Guid(351c429f9d7e86d469e55e7d3a6d61d7) Importer(815301076,1909f56bfc062723c751e8b465ee728b)
Start importing Assets/Scenes/Dunbarton_Office.unity using Guid(351c429f9d7e86d469e55e7d3a6d61d7) Importer(815301076,1909f56bfc062723c751e8b465ee728b)  -> (artifact id: 'f7edbf720906f53cd3bf5108b9d0cfa7') in 0.004089 seconds 
========================================================================
Received Import Request.
  Time since last request: 139.404570 seconds.
  path: Assets/Image/New Folder
  artifactKey: Guid(35388ccdb86afec4181be61307e7b157) Importer(815301076,1909f56bfc062723c751e8b465ee728b)
Start importing Assets/Image/New Folder using Guid(35388ccdb86afec4181be61307e7b157) Importer(815301076,1909f56bfc062723c751e8b465ee728b)  -> (artifact id: '95321e2f9b6e65c400b815e12d2bc9d2') in 0.004251 seconds 
========================================================================
Received Import Request.
  Time since last request: 6.994673 seconds.
  path: Assets/Image/Content
  artifactKey: Guid(35388ccdb86afec4181be61307e7b157) Importer(815301076,1909f56bfc062723c751e8b465ee728b)
Start importing Assets/Image/Content using Guid(35388ccdb86afec4181be61307e7b157) Importer(815301076,1909f56bfc062723c751e8b465ee728b)  -> (artifact id: '606e6e03e2d7f1eb7dbba531165caffa') in 0.004305 seconds 
========================================================================
Received Import Request.
  Time since last request: 8.483861 seconds.
  path: Assets/Image/Background
  artifactKey: Guid(6d5ff301fb208124ba086d376c5399dc) Importer(815301076,1909f56bfc062723c751e8b465ee728b)
Start importing Assets/Image/Background using Guid(6d5ff301fb208124ba086d376c5399dc) Importer(815301076,1909f56bfc062723c751e8b465ee728b)  -> (artifact id: '78ffd662038ba9ebada72e0ff754bfb4') in 0.004417 seconds 
========================================================================
Received Import Request.
  Time since last request: 19.751478 seconds.
  path: Assets/Image/Content/Speech_Bubble.png
  artifactKey: Guid(3be24b5dfb70fd949aaefb817b917f62) Importer(815301076,1909f56bfc062723c751e8b465ee728b)
Start importing Assets/Image/Content/Speech_Bubble.png using Guid(3be24b5dfb70fd949aaefb817b917f62) Importer(815301076,1909f56bfc062723c751e8b465ee728b)  -> (artifact id: 'c82a6ebefbf50b32bb8b2c4bea638069') in 0.021986 seconds 
========================================================================
Received Import Request.
  Time since last request: 2.852407 seconds.
  path: Assets/Image/Content/Speech_Bubble_1.png
  artifactKey: Guid(3be24b5dfb70fd949aaefb817b917f62) Importer(815301076,1909f56bfc062723c751e8b465ee728b)
Start importing Assets/Image/Content/Speech_Bubble_1.png using Guid(3be24b5dfb70fd949aaefb817b917f62) Importer(815301076,1909f56bfc062723c751e8b465ee728b)  -> (artifact id: '443640253929234c0134464d5c420fa9') in 0.024929 seconds 
========================================================================
Received Import Request.
  Time since last request: 59.615510 seconds.
  path: Assets/Image/Background/Crombas_Castle.prefab
  artifactKey: Guid(987245cd0a20c0746862e185652768a2) Importer(815301076,1909f56bfc062723c751e8b465ee728b)
Start importing Assets/Image/Background/Crombas_Castle.prefab using Guid(987245cd0a20c0746862e185652768a2) Importer(815301076,1909f56bfc062723c751e8b465ee728b)  -> (artifact id: '8f57e248662fe4b78f70e7749dc08771') in 0.036735 seconds 
========================================================================
Received Import Request.
  Time since last request: 2.691514 seconds.
  path: Assets/Image/Background/Crombas_Castle.prefab
  artifactKey: Guid(987245cd0a20c0746862e185652768a2) Importer(815301076,1909f56bfc062723c751e8b465ee728b)
Start importing Assets/Image/Background/Crombas_Castle.prefab using Guid(987245cd0a20c0746862e185652768a2) Importer(815301076,1909f56bfc062723c751e8b465ee728b)  -> (artifact id: '338c8457fd2bb05f84087c231c3ebb6b') in 0.005686 seconds 
========================================================================
Received Import Request.
  Time since last request: 23.750630 seconds.
  path: Assets/Scenes/Title.unity
  artifactKey: Guid(2cda990e2423bbf4892e6590ba056729) Importer(815301076,1909f56bfc062723c751e8b465ee728b)
Start importing Assets/Scenes/Title.unity using Guid(2cda990e2423bbf4892e6590ba056729) Importer(815301076,1909f56bfc062723c751e8b465ee728b)  -> (artifact id: 'c5b5459f29d438ca75d22a7cdf5f821f') in 0.004258 seconds 
========================================================================
Received Import Request.
  Time since last request: 120.255084 seconds.
  path: Assets/Image/Background/Office.png
  artifactKey: Guid(6ce37a7c6bcf5e54393eed4fae589309) Importer(815301076,1909f56bfc062723c751e8b465ee728b)
Start importing Assets/Image/Background/Office.png using Guid(6ce37a7c6bcf5e54393eed4fae589309) Importer(815301076,1909f56bfc062723c751e8b465ee728b)  -> (artifact id: 'bf7a604abe88d7b51ac85b4c385618df') in 0.014320 seconds 
========================================================================
Received Import Request.
  Time since last request: 102.202162 seconds.
  path: Assets/Image/character
  artifactKey: Guid(137b11d32cb2ed748a8ce540cf38124b) Importer(815301076,1909f56bfc062723c751e8b465ee728b)
Start importing Assets/Image/character using Guid(137b11d32cb2ed748a8ce540cf38124b) Importer(815301076,1909f56bfc062723c751e8b465ee728b)  -> (artifact id: '41d18383d5eeb96d499dc3edd71be49a') in 0.004553 seconds 
========================================================================
Received Import Request.
  Time since last request: 1.905213 seconds.
  path: Assets/Image/Character
  artifactKey: Guid(137b11d32cb2ed748a8ce540cf38124b) Importer(815301076,1909f56bfc062723c751e8b465ee728b)
Start importing Assets/Image/Character using Guid(137b11d32cb2ed748a8ce540cf38124b) Importer(815301076,1909f56bfc062723c751e8b465ee728b)  -> (artifact id: '5994fe5c0c5f0c0b6ef209ff73b68ded') in 0.004646 seconds 
========================================================================
Received Import Request.
  Time since last request: 7.315772 seconds.
  path: Assets/Image/Character/New Folder
  artifactKey: Guid(88100c25079054944833cb13607d2e1c) Importer(815301076,1909f56bfc062723c751e8b465ee728b)
Start importing Assets/Image/Character/New Folder using Guid(88100c25079054944833cb13607d2e1c) Importer(815301076,1909f56bfc062723c751e8b465ee728b)  -> (artifact id: 'f1aae0b6464ac0d67b598a1c4936320e') in 0.004257 seconds 
========================================================================
Received Import Request.
  Time since last request: 11.865395 seconds.
  path: Assets/Image/Character/JjolLang
  artifactKey: Guid(88100c25079054944833cb13607d2e1c) Importer(815301076,1909f56bfc062723c751e8b465ee728b)
Start importing Assets/Image/Character/JjolLang using Guid(88100c25079054944833cb13607d2e1c) Importer(815301076,1909f56bfc062723c751e8b465ee728b)  -> (artifact id: '7901330db5e750db948d5aec725bcc33') in 0.004405 seconds 
========================================================================
Received Import Request.
  Time since last request: 51.981512 seconds.
  path: Assets/Image/Character/JjolLang/KakaoTalk_20221102_094042382.png
  artifactKey: Guid(d8f5ee7bcfbdc284da6b454b522db0a1) Importer(815301076,1909f56bfc062723c751e8b465ee728b)
Start importing Assets/Image/Character/JjolLang/KakaoTalk_20221102_094042382.png using Guid(d8f5ee7bcfbdc284da6b454b522db0a1) Importer(815301076,1909f56bfc062723c751e8b465ee728b)  -> (artifact id: '8afdd060d7e918146d6240636cfe480f') in 0.038343 seconds 
========================================================================
Received Import Request.
  Time since last request: 0.000234 seconds.
  path: Assets/Image/Character/JjolLang/KakaoTalk_20221102_094042382_02.png
  artifactKey: Guid(bbcd24c67f26d1f498f852f5e9bed1f8) Importer(815301076,1909f56bfc062723c751e8b465ee728b)
Start importing Assets/Image/Character/JjolLang/KakaoTalk_20221102_094042382_02.png using Guid(bbcd24c67f26d1f498f852f5e9bed1f8) Importer(815301076,1909f56bfc062723c751e8b465ee728b)  -> (artifact id: 'f6a6e16ad66857191f87138e3249c091') in 0.047190 seconds 
========================================================================
Received Import Request.
  Time since last request: 0.000160 seconds.
  path: Assets/Image/Character/JjolLang/KakaoTalk_20221102_094042382_01.png
  artifactKey: Guid(d4ad03e183599d547a2f6ad6228b3335) Importer(815301076,1909f56bfc062723c751e8b465ee728b)
Start importing Assets/Image/Character/JjolLang/KakaoTalk_20221102_094042382_01.png using Guid(d4ad03e183599d547a2f6ad6228b3335) Importer(815301076,1909f56bfc062723c751e8b465ee728b)  -> (artifact id: '26f9228753f40733576da93f8a27ad7a') in 0.045601 seconds 
========================================================================
Received Import Request.
  Time since last request: 0.000244 seconds.
  path: Assets/Image/Character/JjolLang/KakaoTalk_20221102_094042382_03.png
  artifactKey: Guid(6f0f8089ee60e7a49b2dc82188548473) Importer(815301076,1909f56bfc062723c751e8b465ee728b)
Start importing Assets/Image/Character/JjolLang/KakaoTalk_20221102_094042382_03.png using Guid(6f0f8089ee60e7a49b2dc82188548473) Importer(815301076,1909f56bfc062723c751e8b465ee728b)  -> (artifact id: '679ecdca5daba8fa727704583fc0bd78') in 0.046974 seconds 
========================================================================
Received Import Request.
  Time since last request: 47.899687 seconds.
  path: Assets/Image/Character/JjolLang/JjolLang_Perplexity.png
  artifactKey: Guid(d8f5ee7bcfbdc284da6b454b522db0a1) Importer(815301076,1909f56bfc062723c751e8b465ee728b)
Start importing Assets/Image/Character/JjolLang/JjolLang_Perplexity.png using Guid(d8f5ee7bcfbdc284da6b454b522db0a1) Importer(815301076,1909f56bfc062723c751e8b465ee728b)  -> (artifact id: 'c046dc39ee3ce43387ea9c34b8c54b78') in 0.016813 seconds 
========================================================================
Received Import Request.
  Time since last request: 17.363715 seconds.
  path: Assets/Image/Character/JjolLang/JjolLang_Common.png
  artifactKey: Guid(d4ad03e183599d547a2f6ad6228b3335) Importer(815301076,1909f56bfc062723c751e8b465ee728b)
Start importing Assets/Image/Character/JjolLang/JjolLang_Common.png using Guid(d4ad03e183599d547a2f6ad6228b3335) Importer(815301076,1909f56bfc062723c751e8b465ee728b)  -> (artifact id: 'b6018bba89b15066f6fb2a9f3cabd3ba') in 0.015036 seconds 
========================================================================
Received Import Request.
  Time since last request: 19.177559 seconds.
  path: Assets/Image/Character/JjolLang/JjolLang_Smile.png
  artifactKey: Guid(bbcd24c67f26d1f498f852f5e9bed1f8) Importer(815301076,1909f56bfc062723c751e8b465ee728b)
Start importing Assets/Image/Character/JjolLang/JjolLang_Smile.png using Guid(bbcd24c67f26d1f498f852f5e9bed1f8) Importer(815301076,1909f56bfc062723c751e8b465ee728b)  -> (artifact id: '3604d9e89b6d3eabe65ec1ca2a9af4c4') in 0.037257 seconds 
========================================================================
Received Import Request.
  Time since last request: 19.138581 seconds.
  path: Assets/Image/Character/JjolLang/JjolLang_Anger.png
  artifactKey: Guid(6f0f8089ee60e7a49b2dc82188548473) Importer(815301076,1909f56bfc062723c751e8b465ee728b)
Start importing Assets/Image/Character/JjolLang/JjolLang_Anger.png using Guid(6f0f8089ee60e7a49b2dc82188548473) Importer(815301076,1909f56bfc062723c751e8b465ee728b)  -> (artifact id: 'c504fb42516841a6f6ac4d5f8f06aab8') in 0.023224 seconds 
========================================================================
Received Import Request.
  Time since last request: 83.106329 seconds.
  path: ProjectSettings/TagManager.asset
  artifactKey: Guid(00000000000000003000000000000000) Importer(815301076,1909f56bfc062723c751e8b465ee728b)
Start importing ProjectSettings/TagManager.asset using Guid(00000000000000003000000000000000) Importer(815301076,1909f56bfc062723c751e8b465ee728b)  -> (artifact id: '95df672b4aaba54310d34c83eef51bb8') in 0.008230 seconds 
========================================================================
Received Import Request.
  Time since last request: 226.237503 seconds.
  path: Assets/Image/Character/JjolLang/JjolLang_Anger.png
  artifactKey: Guid(6f0f8089ee60e7a49b2dc82188548473) Importer(815301076,1909f56bfc062723c751e8b465ee728b)
Start importing Assets/Image/Character/JjolLang/JjolLang_Anger.png using Guid(6f0f8089ee60e7a49b2dc82188548473) Importer(815301076,1909f56bfc062723c751e8b465ee728b)  -> (artifact id: 'dc2456c02c0ed4b0c5e1645094292296') in 0.040333 seconds 
========================================================================
Received Import Request.
  Time since last request: 4.530312 seconds.
  path: Assets/Image/Character/JjolLang/JjolLang_Common.png
  artifactKey: Guid(d4ad03e183599d547a2f6ad6228b3335) Importer(815301076,1909f56bfc062723c751e8b465ee728b)
Start importing Assets/Image/Character/JjolLang/JjolLang_Common.png using Guid(d4ad03e183599d547a2f6ad6228b3335) Importer(815301076,1909f56bfc062723c751e8b465ee728b)  -> (artifact id: '61c97338ab19f902ca7af90156f0258a') in 0.036738 seconds 
========================================================================
Received Import Request.
  Time since last request: 3.748762 seconds.
  path: Assets/Image/Character/JjolLang/JjolLang_Perplexity.png
  artifactKey: Guid(d8f5ee7bcfbdc284da6b454b522db0a1) Importer(815301076,1909f56bfc062723c751e8b465ee728b)
Start importing Assets/Image/Character/JjolLang/JjolLang_Perplexity.png using Guid(d8f5ee7bcfbdc284da6b454b522db0a1) Importer(815301076,1909f56bfc062723c751e8b465ee728b)  -> (artifact id: 'eaa7617055a226bb54a37e4aa1ed9360') in 0.015340 seconds 
========================================================================
Received Import Request.
  Time since last request: 4.089347 seconds.
  path: Assets/Image/Character/JjolLang/JjolLang_Smile.png
  artifactKey: Guid(bbcd24c67f26d1f498f852f5e9bed1f8) Importer(815301076,1909f56bfc062723c751e8b465ee728b)
Start importing Assets/Image/Character/JjolLang/JjolLang_Smile.png using Guid(bbcd24c67f26d1f498f852f5e9bed1f8) Importer(815301076,1909f56bfc062723c751e8b465ee728b)  -> (artifact id: '4896d9cc36e82299272eac7ddbf22321') in 0.027329 seconds 
AssetImportWorkerClient::OnTransportError - code=2 error=End of file
